<?xml version="1.0" encoding="UTF-8"?>
<!-- Generated by org.testng.reporters.JUnitReportReporter -->
<testsuite hostname="Fargabs-MacBook-Pro.local" failures="0" tests="1" name="orangehrm.ny.runner.Myrunner" time="6.831" errors="0" timestamp="24 Nov 2023 16:52:43 GMT" skipped="0">
  <testcase classname="orangehrm.ny.runner.Myrunner" name="runScenario" time="6.831"/>
</testsuite> <!-- orangehrm.ny.runner.Myrunner -->
